<?xml version="1.0" encoding="UTF-8"?>
<testng-results ignored="0" total="1" passed="1" failed="0" skipped="0">
  <reporter-output>
  </reporter-output>
  <suite started-at="2021-12-19T05:34:48 PST" name="Surefire suite" finished-at="2021-12-19T05:34:52 PST" duration-ms="4445">
    <groups>
    </groups>
    <test started-at="2021-12-19T05:34:48 PST" name="Surefire test" finished-at="2021-12-19T05:34:52 PST" duration-ms="4445">
      <class name="test.TestClass">
        <test-method signature="T1()[pri:0, instance:test.TestClass@682b2fa]" started-at="2021-12-19T05:34:48 PST" name="T1" finished-at="2021-12-19T05:34:52 PST" duration-ms="4397" status="PASS">
          <reporter-output>
          </reporter-output>
        </test-method> <!-- T1 -->
      </class> <!-- test.TestClass -->
    </test> <!-- Surefire test -->
  </suite> <!-- Surefire suite -->
</testng-results>
