<?xml version="1.0" encoding="UTF-8"?>
<!-- Generated by org.testng.reporters.JUnitXMLReporter -->
<testsuite hostname="DESKTOP-1G5B9T4" ignored="3" name="Test" tests="3" failures="0" timestamp="2022-01-02T15:01:09 IST" time="32.784" errors="0">
  <testcase name="dwdwdw" time="0.002" classname="test.t2"/>
  <testcase name="T1" time="0.0" classname="test.TestClass"/>
  <testcase name="T2" time="0.0" classname="test.TestClass"/>
  <testcase name="@AfterTest tearDown" time="0.0" classname="com.generic.Generic">
    <ignored/>
  </testcase> <!-- @AfterTest tearDown -->
  <testcase name="@BeforeSuite setUp" time="0.0" classname="com.generic.Generic">
    <ignored/>
  </testcase> <!-- @BeforeSuite setUp -->
  <testcase name="@BeforeTest openApp" time="0.0" classname="com.generic.Generic">
    <ignored/>
  </testcase> <!-- @BeforeTest openApp -->
</testsuite> <!-- Test -->
