<?xml version="1.0" encoding="UTF-8"?>
<testng-results skipped="0" failed="0" ignored="3" total="6" passed="3">
  <reporter-output>
  </reporter-output>
  <suite name="Suite" duration-ms="32784" started-at="2022-01-02T15:00:36 IST" finished-at="2022-01-02T15:01:09 IST">
    <groups>
    </groups>
    <test name="Test" duration-ms="32784" started-at="2022-01-02T15:00:36 IST" finished-at="2022-01-02T15:01:09 IST">
      <class name="test.TestClass">
        <test-method status="PASS" signature="T1()[pri:0, instance:test.TestClass@26aa12dd]" name="T1" duration-ms="0" started-at="2022-01-02T15:01:05 IST" finished-at="2022-01-02T15:01:05 IST">
          <reporter-output>
          </reporter-output>
        </test-method> <!-- T1 -->
        <test-method status="PASS" signature="T2()[pri:1, instance:test.TestClass@26aa12dd]" name="T2" duration-ms="0" started-at="2022-01-02T15:01:05 IST" finished-at="2022-01-02T15:01:05 IST">
          <reporter-output>
          </reporter-output>
        </test-method> <!-- T2 -->
      </class> <!-- test.TestClass -->
      <class name="test.t2">
        <test-method status="PASS" signature="dwdwdw()[pri:0, instance:test.t2@131276c2]" name="dwdwdw" duration-ms="2" started-at="2022-01-02T15:01:05 IST" finished-at="2022-01-02T15:01:05 IST">
          <reporter-output>
          </reporter-output>
        </test-method> <!-- dwdwdw -->
      </class> <!-- test.t2 -->
      <class name="com.generic.Generic">
        <test-method status="PASS" signature="setUp()[pri:0, instance:com.generic.Generic@30b8a058]" name="setUp" is-config="true" duration-ms="13" started-at="2022-01-02T15:00:36 IST" finished-at="2022-01-02T15:00:36 IST">
          <reporter-output>
          </reporter-output>
        </test-method> <!-- setUp -->
        <test-method status="PASS" signature="openApp(java.lang.String)[pri:0, instance:com.generic.Generic@30b8a058]" name="openApp" is-config="true" duration-ms="28328" started-at="2022-01-02T15:00:36 IST" finished-at="2022-01-02T15:01:05 IST">
          <params>
            <param index="0">
              <value>
                <![CDATA[Chrome]]>
              </value>
            </param>
          </params>
          <reporter-output>
          </reporter-output>
        </test-method> <!-- openApp -->
        <test-method status="PASS" signature="tearDown()[pri:0, instance:com.generic.Generic@30b8a058]" name="tearDown" is-config="true" duration-ms="4277" started-at="2022-01-02T15:01:05 IST" finished-at="2022-01-02T15:01:09 IST">
          <reporter-output>
          </reporter-output>
        </test-method> <!-- tearDown -->
      </class> <!-- com.generic.Generic -->
    </test> <!-- Test -->
  </suite> <!-- Suite -->
</testng-results>
